This is pdfTeX, Version 3.1415926-2.3-1.40.12 (TeX Live 2011) (format=pdflatex 2011.9.16)  3 MAY 2012 14:39
entering extended mode
 \write18 enabled.
 file:line:error style messages enabled.
 %&-line parsing enabled.
**CompLab5.tex
(./CompLab5.tex
LaTeX2e <2009/09/24>
Babel <v3.8l> and hyphenation patterns for english, dumylang, nohyphenation, ba
sque, danish, dutch, finnish, french, german, ngerman, swissgerman, hungarian, 
italian, bokmal, nynorsk, polish, portuguese, spanish, swedish, loaded.
(/usr/local/texlive/2011basic/texmf-dist/tex/latex/base/article.cls
Document Class: article 2007/10/19 v1.4h Standard LaTeX document class
(/usr/local/texlive/2011basic/texmf-dist/tex/latex/base/size12.clo
File: size12.clo 2007/10/19 v1.4h Standard LaTeX file (size option)
)
\c@part=\count79
\c@section=\count80
\c@subsection=\count81
\c@subsubsection=\count82
\c@paragraph=\count83
\c@subparagraph=\count84
\c@figure=\count85
\c@table=\count86
\abovecaptionskip=\skip41
\belowcaptionskip=\skip42
\bibindent=\dimen102
)
(/usr/local/texlive/2011basic/texmf-dist/tex/latex/graphics/graphicx.sty
Package: graphicx 1999/02/16 v1.0f Enhanced LaTeX Graphics (DPC,SPQR)

(/usr/local/texlive/2011basic/texmf-dist/tex/latex/graphics/keyval.sty
Package: keyval 1999/03/16 v1.13 key=value parser (DPC)
\KV@toks@=\toks14
)
(/usr/local/texlive/2011basic/texmf-dist/tex/latex/graphics/graphics.sty
Package: graphics 2009/02/05 v1.0o Standard LaTeX Graphics (DPC,SPQR)

(/usr/local/texlive/2011basic/texmf-dist/tex/latex/graphics/trig.sty
Package: trig 1999/03/16 v1.09 sin cos tan (DPC)
)
(/usr/local/texlive/2011basic/texmf-dist/tex/latex/latexconfig/graphics.cfg
File: graphics.cfg 2010/04/23 v1.9 graphics configuration of TeX Live
)
Package graphics Info: Driver file: pdftex.def on input line 91.

(/usr/local/texlive/2011basic/texmf-dist/tex/latex/pdftex-def/pdftex.def
File: pdftex.def 2011/05/27 v0.06d Graphics/color for pdfTeX

(/usr/local/texlive/2011basic/texmf-dist/tex/generic/oberdiek/infwarerr.sty
Package: infwarerr 2010/04/08 v1.3 Providing info/warning/message (HO)
)
(/usr/local/texlive/2011basic/texmf-dist/tex/generic/oberdiek/ltxcmds.sty
Package: ltxcmds 2011/04/18 v1.20 LaTeX kernel commands for general use (HO)
)
\Gread@gobject=\count87
))
\Gin@req@height=\dimen103
\Gin@req@width=\dimen104
)
(/usr/local/texlive/2011basic/texmf-dist/tex/latex/amsmath/amsmath.sty
Package: amsmath 2000/07/18 v2.13 AMS math features
\@mathmargin=\skip43

For additional information on amsmath, use the `?' option.
(/usr/local/texlive/2011basic/texmf-dist/tex/latex/amsmath/amstext.sty
Package: amstext 2000/06/29 v2.01

(/usr/local/texlive/2011basic/texmf-dist/tex/latex/amsmath/amsgen.sty
File: amsgen.sty 1999/11/30 v2.0
\@emptytoks=\toks15
\ex@=\dimen105
))
(/usr/local/texlive/2011basic/texmf-dist/tex/latex/amsmath/amsbsy.sty
Package: amsbsy 1999/11/29 v1.2d
\pmbraise@=\dimen106
)
(/usr/local/texlive/2011basic/texmf-dist/tex/latex/amsmath/amsopn.sty
Package: amsopn 1999/12/14 v2.01 operator names
)
\inf@bad=\count88
LaTeX Info: Redefining \frac on input line 211.
\uproot@=\count89
\leftroot@=\count90
LaTeX Info: Redefining \overline on input line 307.
\classnum@=\count91
\DOTSCASE@=\count92
LaTeX Info: Redefining \ldots on input line 379.
LaTeX Info: Redefining \dots on input line 382.
LaTeX Info: Redefining \cdots on input line 467.
\Mathstrutbox@=\box26
\strutbox@=\box27
\big@size=\dimen107
LaTeX Font Info:    Redeclaring font encoding OML on input line 567.
LaTeX Font Info:    Redeclaring font encoding OMS on input line 568.
\macc@depth=\count93
\c@MaxMatrixCols=\count94
\dotsspace@=\muskip10
\c@parentequation=\count95
\dspbrk@lvl=\count96
\tag@help=\toks16
\row@=\count97
\column@=\count98
\maxfields@=\count99
\andhelp@=\toks17
\eqnshift@=\dimen108
\alignsep@=\dimen109
\tagshift@=\dimen110
\tagwidth@=\dimen111
\totwidth@=\dimen112
\lineht@=\dimen113
\@envbody=\toks18
\multlinegap=\skip44
\multlinetaggap=\skip45
\mathdisplay@stack=\toks19
LaTeX Info: Redefining \[ on input line 2666.
LaTeX Info: Redefining \] on input line 2667.
)
(/usr/local/texlive/2011basic/texmf-dist/tex/latex/tools/multicol.sty
Package: multicol 2008/12/05 v1.6h multicolumn formatting (FMi)
\c@tracingmulticols=\count100
\mult@box=\box28
\multicol@leftmargin=\dimen114
\c@unbalance=\count101
\c@collectmore=\count102
\doublecol@number=\count103
\multicoltolerance=\count104
\multicolpretolerance=\count105
\full@width=\dimen115
\page@free=\dimen116
\premulticols=\dimen117
\postmulticols=\dimen118
\multicolsep=\skip46
\multicolbaselineskip=\skip47
\partial@page=\box29
\last@line=\box30
\mult@rightbox=\box31
\mult@grightbox=\box32
\mult@gfirstbox=\box33
\mult@firstbox=\box34
\@tempa=\box35
\@tempa=\box36
\@tempa=\box37
\@tempa=\box38
\@tempa=\box39
\@tempa=\box40
\@tempa=\box41
\@tempa=\box42
\@tempa=\box43
\@tempa=\box44
\@tempa=\box45
\@tempa=\box46
\@tempa=\box47
\@tempa=\box48
\@tempa=\box49
\@tempa=\box50
\@tempa=\box51
\c@columnbadness=\count106
\c@finalcolumnbadness=\count107
\last@try=\dimen119
\multicolovershoot=\dimen120
\multicolundershoot=\dimen121
\mult@nat@firstbox=\box52
\colbreak@box=\box53
)
(/usr/local/texlive/2011basic/texmf-dist/tex/latex/geometry/geometry.sty
Package: geometry 2010/09/12 v5.6 Page Geometry

(/usr/local/texlive/2011basic/texmf-dist/tex/generic/oberdiek/ifpdf.sty
Package: ifpdf 2011/01/30 v2.3 Provides the ifpdf switch (HO)
Package ifpdf Info: pdfTeX in PDF mode is detected.
)
(/usr/local/texlive/2011basic/texmf-dist/tex/generic/oberdiek/ifvtex.sty
Package: ifvtex 2010/03/01 v1.5 Switches for detecting VTeX and its modes (HO)
Package ifvtex Info: VTeX not detected.
)
(/usr/local/texlive/2011basic/texmf-dist/tex/generic/ifxetex/ifxetex.sty
Package: ifxetex 2010/09/12 v0.6 Provides ifxetex conditional
)
\Gm@cnth=\count108
\Gm@cntv=\count109
\c@Gm@tempcnt=\count110
\Gm@bindingoffset=\dimen122
\Gm@wd@mp=\dimen123
\Gm@odd@mp=\dimen124
\Gm@even@mp=\dimen125
\Gm@layoutwidth=\dimen126
\Gm@layoutheight=\dimen127
\Gm@layouthoffset=\dimen128
\Gm@layoutvoffset=\dimen129
\Gm@dimlist=\toks20
)
(./CompLab5.aux)
\openout1 = `CompLab5.aux'.

LaTeX Font Info:    Checking defaults for OML/cmm/m/it on input line 7.
LaTeX Font Info:    ... okay on input line 7.
LaTeX Font Info:    Checking defaults for T1/cmr/m/n on input line 7.
LaTeX Font Info:    ... okay on input line 7.
LaTeX Font Info:    Checking defaults for OT1/cmr/m/n on input line 7.
LaTeX Font Info:    ... okay on input line 7.
LaTeX Font Info:    Checking defaults for OMS/cmsy/m/n on input line 7.
LaTeX Font Info:    ... okay on input line 7.
LaTeX Font Info:    Checking defaults for OMX/cmex/m/n on input line 7.
LaTeX Font Info:    ... okay on input line 7.
LaTeX Font Info:    Checking defaults for U/cmr/m/n on input line 7.
LaTeX Font Info:    ... okay on input line 7.

(/usr/local/texlive/2011basic/texmf-dist/tex/context/base/supp-pdf.mkii
[Loading MPS to PDF converter (version 2006.09.02).]
\scratchcounter=\count111
\scratchdimen=\dimen130
\scratchbox=\box54
\nofMPsegments=\count112
\nofMParguments=\count113
\everyMPshowfont=\toks21
\MPscratchCnt=\count114
\MPscratchDim=\dimen131
\MPnumerator=\count115
\makeMPintoPDFobject=\count116
\everyMPtoPDFconversion=\toks22
) (/usr/local/texlive/2011basic/texmf-dist/tex/generic/oberdiek/pdftexcmds.sty
Package: pdftexcmds 2011/04/22 v0.16 Utilities of pdfTeX for LuaTeX (HO)

(/usr/local/texlive/2011basic/texmf-dist/tex/generic/oberdiek/ifluatex.sty
Package: ifluatex 2010/03/01 v1.3 Provides the ifluatex switch (HO)
Package ifluatex Info: LuaTeX not detected.
)
Package pdftexcmds Info: LuaTeX not detected.
Package pdftexcmds Info: \pdf@primitive is available.
Package pdftexcmds Info: \pdf@ifprimitive is available.
Package pdftexcmds Info: \pdfdraftmode found.
)
(/usr/local/texlive/2011basic/texmf-dist/tex/latex/oberdiek/epstopdf-base.sty
Package: epstopdf-base 2010/02/09 v2.5 Base part for package epstopdf

(/usr/local/texlive/2011basic/texmf-dist/tex/latex/oberdiek/grfext.sty
Package: grfext 2010/08/19 v1.1 Managing graphics extensions (HO)

(/usr/local/texlive/2011basic/texmf-dist/tex/generic/oberdiek/kvdefinekeys.sty
Package: kvdefinekeys 2011/04/07 v1.3 Defining keys (HO)
)) (/usr/local/texlive/2011basic/texmf-dist/tex/latex/oberdiek/kvoptions.sty
Package: kvoptions 2010/12/23 v3.10 Keyval support for LaTeX options (HO)

(/usr/local/texlive/2011basic/texmf-dist/tex/generic/oberdiek/kvsetkeys.sty
Package: kvsetkeys 2011/04/07 v1.13 Key value parser (HO)

(/usr/local/texlive/2011basic/texmf-dist/tex/generic/oberdiek/etexcmds.sty
Package: etexcmds 2011/02/16 v1.5 Prefix for e-TeX command names (HO)
Package etexcmds Info: Could not find \expanded.
(etexcmds)             That can mean that you are not using pdfTeX 1.50 or
(etexcmds)             that some package has redefined \expanded.
(etexcmds)             In the latter case, load this package earlier.
)))
Package grfext Info: Graphics extension search list:
(grfext)             [.pdf,.png,.jpg,.eps]
(grfext)             \AppendGraphicsExtensions on input line 452.

(/usr/local/texlive/2011basic/texmf-dist/tex/latex/latexconfig/epstopdf-sys.cfg
File: epstopdf-sys.cfg 2010/07/13 v1.3 Configuration of (r)epstopdf for TeX Liv
e
))
*geometry* driver: auto-detecting
*geometry* detected driver: pdftex
*geometry* verbose mode - [ preamble ] result:
* driver: pdftex
* paper: <default>
* layout: <same size as paper>
* layoutoffset:(h,v)=(0.0pt,0.0pt)
* modes: 
* h-part:(L,W,R)=(72.26999pt, 469.75502pt, 72.26999pt)
* v-part:(T,H,B)=(72.26999pt, 650.43001pt, 72.26999pt)
* \paperwidth=614.295pt
* \paperheight=794.96999pt
* \textwidth=469.75502pt
* \textheight=650.43001pt
* \oddsidemargin=0.0pt
* \evensidemargin=0.0pt
* \topmargin=-37.0pt
* \headheight=12.0pt
* \headsep=25.0pt
* \topskip=12.0pt
* \footskip=30.0pt
* \marginparwidth=44.0pt
* \marginparsep=10.0pt
* \columnsep=10.0pt
* \skip\footins=10.8pt plus 4.0pt minus 2.0pt
* \hoffset=0.0pt
* \voffset=0.0pt
* \mag=1000
* \@twocolumnfalse
* \@twosidefalse
* \@mparswitchfalse
* \@reversemarginfalse
* (1in=72.27pt=25.4mm, 1cm=28.453pt)

[1

{/usr/local/texlive/2011basic/texmf-var/fonts/map/pdftex/updmap/pdftex.map}]
[2] <van.pdf, id=17, 794.97pt x 614.295pt>
File: van.pdf Graphic file (type pdf)
 <use van.pdf>
Package pdftex.def Info: van.pdf used on input line 106.
(pdftex.def)             Requested size: 341.44228pt x 213.39424pt.

<Fig_6_18.pdf, id=18, 794.97pt x 614.295pt>
File: Fig_6_18.pdf Graphic file (type pdf)
 <use Fig_6_18.pdf>
Package pdftex.def Info: Fig_6_18.pdf used on input line 112.
(pdftex.def)             Requested size: 341.44228pt x 213.39424pt.
 [3] [4 <./van.pdf> <./Fig_6_18.pdf>] <ddp_0.pdf, id=66, 794.97pt x 614.295pt>
File: ddp_0.pdf Graphic file (type pdf)
 <use ddp_0.pdf>
Package pdftex.def Info: ddp_0.pdf used on input line 122.
(pdftex.def)             Requested size: 341.44228pt x 213.39424pt.

<ddp_5.pdf, id=67, 794.97pt x 614.295pt>
File: ddp_5.pdf Graphic file (type pdf)
 <use ddp_5.pdf>
Package pdftex.def Info: ddp_5.pdf used on input line 128.
(pdftex.def)             Requested size: 341.44228pt x 213.39424pt.

<ddp_12.pdf, id=68, 794.97pt x 614.295pt>
File: ddp_12.pdf Graphic file (type pdf)
 <use ddp_12.pdf>
Package pdftex.def Info: ddp_12.pdf used on input line 134.
(pdftex.def)             Requested size: 341.44228pt x 213.39424pt.


LaTeX Warning: `!h' float specifier changed to `!ht'.


LaTeX Warning: `!h' float specifier changed to `!ht'.

<Ex_7_21_start.pdf, id=69, 794.97pt x 614.295pt>
File: Ex_7_21_start.pdf Graphic file (type pdf)
 <use Ex_7_21_start.pdf>
Package pdftex.def Info: Ex_7_21_start.pdf used on input line 146.
(pdftex.def)             Requested size: 341.44228pt x 213.39424pt.

<Ex_7_21_end.pdf, id=70, 794.97pt x 614.295pt>
File: Ex_7_21_end.pdf Graphic file (type pdf)
 <use Ex_7_21_end.pdf>
Package pdftex.def Info: Ex_7_21_end.pdf used on input line 152.
(pdftex.def)             Requested size: 341.44228pt x 213.39424pt.
 [5 <./ddp_0.pdf>]

LaTeX Warning: `!h' float specifier changed to `!ht'.


LaTeX Warning: `!h' float specifier changed to `!ht'.

<Ex_7_23_collis.pdf, id=97, 794.97pt x 614.295pt>
File: Ex_7_23_collis.pdf Graphic file (type pdf)
 <use Ex_7_23_collis.pdf>
Package pdftex.def Info: Ex_7_23_collis.pdf used on input line 161.
(pdftex.def)             Requested size: 341.44228pt x 213.39424pt.


LaTeX Warning: `!h' float specifier changed to `!ht'.

<Ex_7_23_reflec.pdf, id=98, 794.97pt x 614.295pt>
File: Ex_7_23_reflec.pdf Graphic file (type pdf)
 <use Ex_7_23_reflec.pdf>
Package pdftex.def Info: Ex_7_23_reflec.pdf used on input line 167.
(pdftex.def)             Requested size: 341.44228pt x 213.39424pt.


LaTeX Warning: `!h' float specifier changed to `!ht'.

[6 <./ddp_5.pdf> <./ddp_12.pdf>] [7 <./Ex_7_21_start.pdf> <./Ex_7_21_end.pdf>]
<Ex_7_26_collis.pdf, id=183, 794.97pt x 614.295pt>
File: Ex_7_26_collis.pdf Graphic file (type pdf)
 <use Ex_7_26_collis.pdf>
Package pdftex.def Info: Ex_7_26_collis.pdf used on input line 178.
(pdftex.def)             Requested size: 341.44228pt x 270.3pt.


LaTeX Warning: `!h' float specifier changed to `!ht'.

<Ex_7_26_reflec.pdf, id=184, 794.97pt x 614.295pt>
File: Ex_7_26_reflec.pdf Graphic file (type pdf)
 <use Ex_7_26_reflec.pdf>
Package pdftex.def Info: Ex_7_26_reflec.pdf used on input line 184.
(pdftex.def)             Requested size: 341.44228pt x 270.3pt.


LaTeX Warning: `!h' float specifier changed to `!ht'.

[8 <./Ex_7_23_collis.pdf> <./Ex_7_23_reflec.pdf>]

LaTeX Warning: Text page 9 contains only floats.

[9 <./Ex_7_26_collis.pdf> <./Ex_7_26_reflec.pdf>]
<Ex_7_28_collis.pdf, id=251, 794.97pt x 614.295pt>
File: Ex_7_28_collis.pdf Graphic file (type pdf)
 <use Ex_7_28_collis.pdf>
Package pdftex.def Info: Ex_7_28_collis.pdf used on input line 194.
(pdftex.def)             Requested size: 341.44228pt x 270.3pt.

<Ex_7_28_reflec.pdf, id=252, 794.97pt x 614.295pt>
File: Ex_7_28_reflec.pdf Graphic file (type pdf)
 <use Ex_7_28_reflec.pdf>
Package pdftex.def Info: Ex_7_28_reflec.pdf used on input line 200.
(pdftex.def)             Requested size: 341.44228pt x 270.3pt.


LaTeX Warning: `!h' float specifier changed to `!ht'.

<Ex_7_29_collis.pdf, id=253, 794.97pt x 614.295pt>
File: Ex_7_29_collis.pdf Graphic file (type pdf)
 <use Ex_7_29_collis.pdf>
Package pdftex.def Info: Ex_7_29_collis.pdf used on input line 206.
(pdftex.def)             Requested size: 341.44228pt x 270.3pt.


LaTeX Warning: `!h' float specifier changed to `!ht'.

<Ex_7_29_reflec.pdf, id=254, 794.97pt x 614.295pt>
File: Ex_7_29_reflec.pdf Graphic file (type pdf)
 <use Ex_7_29_reflec.pdf>
Package pdftex.def Info: Ex_7_29_reflec.pdf used on input line 212.
(pdftex.def)             Requested size: 341.44228pt x 270.3pt.


LaTeX Warning: `!h' float specifier changed to `!ht'.

<Ex_6_25_init.pdf, id=255, 794.97pt x 614.295pt>
File: Ex_6_25_init.pdf Graphic file (type pdf)
 <use Ex_6_25_init.pdf>
Package pdftex.def Info: Ex_6_25_init.pdf used on input line 221.
(pdftex.def)             Requested size: 341.44228pt x 270.3pt.

<Ex_6_25_cross.pdf, id=256, 794.97pt x 614.295pt>
File: Ex_6_25_cross.pdf Graphic file (type pdf)
 <use Ex_6_25_cross.pdf>
Package pdftex.def Info: Ex_6_25_cross.pdf used on input line 227.
(pdftex.def)             Requested size: 341.44228pt x 270.3pt.

<Ex_6_25_cross3.pdf, id=257, 794.97pt x 614.295pt>
File: Ex_6_25_cross3.pdf Graphic file (type pdf)
 <use Ex_6_25_cross3.pdf>
Package pdftex.def Info: Ex_6_25_cross3.pdf used on input line 233.
(pdftex.def)             Requested size: 341.44228pt x 270.3pt.

<Ex_6_25_cross5.pdf, id=258, 794.97pt x 614.295pt>
File: Ex_6_25_cross5.pdf Graphic file (type pdf)
 <use Ex_6_25_cross5.pdf>
Package pdftex.def Info: Ex_6_25_cross5.pdf used on input line 239.
(pdftex.def)             Requested size: 341.44228pt x 270.3pt.


LaTeX Warning: `!h' float specifier changed to `!ht'.


LaTeX Warning: `!h' float specifier changed to `!ht'.


LaTeX Warning: `!h' float specifier changed to `!ht'.


LaTeX Warning: `!h' float specifier changed to `!ht'.

<Ex_6_26_cross.pdf, id=259, 794.97pt x 614.295pt>
File: Ex_6_26_cross.pdf Graphic file (type pdf)
 <use Ex_6_26_cross.pdf>
Package pdftex.def Info: Ex_6_26_cross.pdf used on input line 248.
(pdftex.def)             Requested size: 341.44228pt x 270.3pt.


LaTeX Warning: `!h' float specifier changed to `!ht'.

<Ex_6_26_cross3.pdf, id=260, 794.97pt x 614.295pt>
File: Ex_6_26_cross3.pdf Graphic file (type pdf)
 <use Ex_6_26_cross3.pdf>
Package pdftex.def Info: Ex_6_26_cross3.pdf used on input line 254.
(pdftex.def)             Requested size: 341.44228pt x 270.3pt.


LaTeX Warning: `!h' float specifier changed to `!ht'.

<Ex_6_26_cross5.pdf, id=261, 794.97pt x 614.295pt>
File: Ex_6_26_cross5.pdf Graphic file (type pdf)
 <use Ex_6_26_cross5.pdf>
Package pdftex.def Info: Ex_6_26_cross5.pdf used on input line 260.
(pdftex.def)             Requested size: 341.44228pt x 270.3pt.


LaTeX Warning: `!h' float specifier changed to `!ht'.

[10 <./Ex_7_28_collis.pdf>]

LaTeX Warning: Text page 11 contains only floats.

[11 <./Ex_7_28_reflec.pdf> <./Ex_7_29_collis.pdf>]

LaTeX Warning: Text page 12 contains only floats.

[12 <./Ex_7_29_reflec.pdf> <./Ex_6_25_init.pdf>] [13 <./Ex_6_25_cross.pdf> <./E
x_6_25_cross3.pdf>] [14 <./Ex_6_25_cross5.pdf> <./Ex_6_26_cross.pdf>] [15 <./Ex
_6_26_cross3.pdf> <./Ex_6_26_cross5.pdf>] (./CompLab5.aux) ) 
Here is how much of TeX's memory you used:
 2767 strings out of 494752
 38909 string characters out of 3171020
 105868 words of memory out of 3000000
 5934 multiletter control sequences out of 15000+200000
 9189 words of font info for 33 fonts, out of 3000000 for 9000
 166 hyphenation exceptions out of 8191
 38i,6n,23p,1025b,230s stack positions out of 5000i,500n,10000p,200000b,50000s
</usr/local/texlive
/2011basic/texmf-dist/fonts/type1/public/amsfonts/cm/cmbx12.pfb></usr/local/tex
live/2011basic/texmf-dist/fonts/type1/public/amsfonts/cm/cmbx8.pfb></usr/local/
texlive/2011basic/texmf-dist/fonts/type1/public/amsfonts/cm/cmex10.pfb></usr/lo
cal/texlive/2011basic/texmf-dist/fonts/type1/public/amsfonts/cm/cmmi12.pfb></us
r/local/texlive/2011basic/texmf-dist/fonts/type1/public/amsfonts/cm/cmmi6.pfb><
/usr/local/texlive/2011basic/texmf-dist/fonts/type1/public/amsfonts/cm/cmmi8.pf
b></usr/local/texlive/2011basic/texmf-dist/fonts/type1/public/amsfonts/cm/cmr12
.pfb></usr/local/texlive/2011basic/texmf-dist/fonts/type1/public/amsfonts/cm/cm
r6.pfb></usr/local/texlive/2011basic/texmf-dist/fonts/type1/public/amsfonts/cm/
cmr8.pfb></usr/local/texlive/2011basic/texmf-dist/fonts/type1/public/amsfonts/c
m/cmsy10.pfb></usr/local/texlive/2011basic/texmf-dist/fonts/type1/public/amsfon
ts/cm/cmsy8.pfb>
Output written on CompLab5.pdf (15 pages, 1004631 bytes).
PDF statistics:
 484 PDF objects out of 1000 (max. 8388607)
 356 compressed objects within 4 object streams
 0 named destinations out of 1000 (max. 500000)
 111 words of extra memory for PDF output out of 10000 (max. 10000000)

