This is pdfTeX, Version 3.1415926-2.3-1.40.12 (TeX Live 2011) (format=pdflatex 2011.9.16)  8 OCT 2013 13:08
entering extended mode
 \write18 enabled.
 file:line:error style messages enabled.
 %&-line parsing enabled.
**CompLab3.tex
(./CompLab3.tex
LaTeX2e <2009/09/24>
Babel <v3.8l> and hyphenation patterns for english, dumylang, nohyphenation, ba
sque, danish, dutch, finnish, french, german, ngerman, swissgerman, hungarian, 
italian, bokmal, nynorsk, polish, portuguese, spanish, swedish, loaded.
(/usr/local/texlive/2011basic/texmf-dist/tex/latex/base/article.cls
Document Class: article 2007/10/19 v1.4h Standard LaTeX document class
(/usr/local/texlive/2011basic/texmf-dist/tex/latex/base/size12.clo
File: size12.clo 2007/10/19 v1.4h Standard LaTeX file (size option)
)
\c@part=\count79
\c@section=\count80
\c@subsection=\count81
\c@subsubsection=\count82
\c@paragraph=\count83
\c@subparagraph=\count84
\c@figure=\count85
\c@table=\count86
\abovecaptionskip=\skip41
\belowcaptionskip=\skip42
\bibindent=\dimen102
)
(/usr/local/texlive/2011basic/texmf-dist/tex/latex/graphics/graphicx.sty
Package: graphicx 1999/02/16 v1.0f Enhanced LaTeX Graphics (DPC,SPQR)

(/usr/local/texlive/2011basic/texmf-dist/tex/latex/graphics/keyval.sty
Package: keyval 1999/03/16 v1.13 key=value parser (DPC)
\KV@toks@=\toks14
)
(/usr/local/texlive/2011basic/texmf-dist/tex/latex/graphics/graphics.sty
Package: graphics 2009/02/05 v1.0o Standard LaTeX Graphics (DPC,SPQR)

(/usr/local/texlive/2011basic/texmf-dist/tex/latex/graphics/trig.sty
Package: trig 1999/03/16 v1.09 sin cos tan (DPC)
)
(/usr/local/texlive/2011basic/texmf-dist/tex/latex/latexconfig/graphics.cfg
File: graphics.cfg 2010/04/23 v1.9 graphics configuration of TeX Live
)
Package graphics Info: Driver file: pdftex.def on input line 91.

(/usr/local/texlive/2011basic/texmf-dist/tex/latex/pdftex-def/pdftex.def
File: pdftex.def 2011/05/27 v0.06d Graphics/color for pdfTeX

(/usr/local/texlive/2011basic/texmf-dist/tex/generic/oberdiek/infwarerr.sty
Package: infwarerr 2010/04/08 v1.3 Providing info/warning/message (HO)
)
(/usr/local/texlive/2011basic/texmf-dist/tex/generic/oberdiek/ltxcmds.sty
Package: ltxcmds 2011/04/18 v1.20 LaTeX kernel commands for general use (HO)
)
\Gread@gobject=\count87
))
\Gin@req@height=\dimen103
\Gin@req@width=\dimen104
)
(/usr/local/texlive/2011basic/texmf-dist/tex/latex/amsmath/amsmath.sty
Package: amsmath 2000/07/18 v2.13 AMS math features
\@mathmargin=\skip43

For additional information on amsmath, use the `?' option.
(/usr/local/texlive/2011basic/texmf-dist/tex/latex/amsmath/amstext.sty
Package: amstext 2000/06/29 v2.01

(/usr/local/texlive/2011basic/texmf-dist/tex/latex/amsmath/amsgen.sty
File: amsgen.sty 1999/11/30 v2.0
\@emptytoks=\toks15
\ex@=\dimen105
))
(/usr/local/texlive/2011basic/texmf-dist/tex/latex/amsmath/amsbsy.sty
Package: amsbsy 1999/11/29 v1.2d
\pmbraise@=\dimen106
)
(/usr/local/texlive/2011basic/texmf-dist/tex/latex/amsmath/amsopn.sty
Package: amsopn 1999/12/14 v2.01 operator names
)
\inf@bad=\count88
LaTeX Info: Redefining \frac on input line 211.
\uproot@=\count89
\leftroot@=\count90
LaTeX Info: Redefining \overline on input line 307.
\classnum@=\count91
\DOTSCASE@=\count92
LaTeX Info: Redefining \ldots on input line 379.
LaTeX Info: Redefining \dots on input line 382.
LaTeX Info: Redefining \cdots on input line 467.
\Mathstrutbox@=\box26
\strutbox@=\box27
\big@size=\dimen107
LaTeX Font Info:    Redeclaring font encoding OML on input line 567.
LaTeX Font Info:    Redeclaring font encoding OMS on input line 568.
\macc@depth=\count93
\c@MaxMatrixCols=\count94
\dotsspace@=\muskip10
\c@parentequation=\count95
\dspbrk@lvl=\count96
\tag@help=\toks16
\row@=\count97
\column@=\count98
\maxfields@=\count99
\andhelp@=\toks17
\eqnshift@=\dimen108
\alignsep@=\dimen109
\tagshift@=\dimen110
\tagwidth@=\dimen111
\totwidth@=\dimen112
\lineht@=\dimen113
\@envbody=\toks18
\multlinegap=\skip44
\multlinetaggap=\skip45
\mathdisplay@stack=\toks19
LaTeX Info: Redefining \[ on input line 2666.
LaTeX Info: Redefining \] on input line 2667.
)
(/usr/local/texlive/2011basic/texmf-dist/tex/latex/tools/multicol.sty
Package: multicol 2008/12/05 v1.6h multicolumn formatting (FMi)
\c@tracingmulticols=\count100
\mult@box=\box28
\multicol@leftmargin=\dimen114
\c@unbalance=\count101
\c@collectmore=\count102
\doublecol@number=\count103
\multicoltolerance=\count104
\multicolpretolerance=\count105
\full@width=\dimen115
\page@free=\dimen116
\premulticols=\dimen117
\postmulticols=\dimen118
\multicolsep=\skip46
\multicolbaselineskip=\skip47
\partial@page=\box29
\last@line=\box30
\mult@rightbox=\box31
\mult@grightbox=\box32
\mult@gfirstbox=\box33
\mult@firstbox=\box34
\@tempa=\box35
\@tempa=\box36
\@tempa=\box37
\@tempa=\box38
\@tempa=\box39
\@tempa=\box40
\@tempa=\box41
\@tempa=\box42
\@tempa=\box43
\@tempa=\box44
\@tempa=\box45
\@tempa=\box46
\@tempa=\box47
\@tempa=\box48
\@tempa=\box49
\@tempa=\box50
\@tempa=\box51
\c@columnbadness=\count106
\c@finalcolumnbadness=\count107
\last@try=\dimen119
\multicolovershoot=\dimen120
\multicolundershoot=\dimen121
\mult@nat@firstbox=\box52
\colbreak@box=\box53
)
(/usr/local/texlive/2011basic/texmf-dist/tex/latex/geometry/geometry.sty
Package: geometry 2010/09/12 v5.6 Page Geometry

(/usr/local/texlive/2011basic/texmf-dist/tex/generic/oberdiek/ifpdf.sty
Package: ifpdf 2011/01/30 v2.3 Provides the ifpdf switch (HO)
Package ifpdf Info: pdfTeX in PDF mode is detected.
)
(/usr/local/texlive/2011basic/texmf-dist/tex/generic/oberdiek/ifvtex.sty
Package: ifvtex 2010/03/01 v1.5 Switches for detecting VTeX and its modes (HO)
Package ifvtex Info: VTeX not detected.
)
(/usr/local/texlive/2011basic/texmf-dist/tex/generic/ifxetex/ifxetex.sty
Package: ifxetex 2010/09/12 v0.6 Provides ifxetex conditional
)
\Gm@cnth=\count108
\Gm@cntv=\count109
\c@Gm@tempcnt=\count110
\Gm@bindingoffset=\dimen122
\Gm@wd@mp=\dimen123
\Gm@odd@mp=\dimen124
\Gm@even@mp=\dimen125
\Gm@layoutwidth=\dimen126
\Gm@layoutheight=\dimen127
\Gm@layouthoffset=\dimen128
\Gm@layoutvoffset=\dimen129
\Gm@dimlist=\toks20
)
(./CompLab3.aux)
\openout1 = `CompLab3.aux'.

LaTeX Font Info:    Checking defaults for OML/cmm/m/it on input line 9.
LaTeX Font Info:    ... okay on input line 9.
LaTeX Font Info:    Checking defaults for T1/cmr/m/n on input line 9.
LaTeX Font Info:    ... okay on input line 9.
LaTeX Font Info:    Checking defaults for OT1/cmr/m/n on input line 9.
LaTeX Font Info:    ... okay on input line 9.
LaTeX Font Info:    Checking defaults for OMS/cmsy/m/n on input line 9.
LaTeX Font Info:    ... okay on input line 9.
LaTeX Font Info:    Checking defaults for OMX/cmex/m/n on input line 9.
LaTeX Font Info:    ... okay on input line 9.
LaTeX Font Info:    Checking defaults for U/cmr/m/n on input line 9.
LaTeX Font Info:    ... okay on input line 9.

(/usr/local/texlive/2011basic/texmf-dist/tex/context/base/supp-pdf.mkii
[Loading MPS to PDF converter (version 2006.09.02).]
\scratchcounter=\count111
\scratchdimen=\dimen130
\scratchbox=\box54
\nofMPsegments=\count112
\nofMParguments=\count113
\everyMPshowfont=\toks21
\MPscratchCnt=\count114
\MPscratchDim=\dimen131
\MPnumerator=\count115
\makeMPintoPDFobject=\count116
\everyMPtoPDFconversion=\toks22
) (/usr/local/texlive/2011basic/texmf-dist/tex/generic/oberdiek/pdftexcmds.sty
Package: pdftexcmds 2011/04/22 v0.16 Utilities of pdfTeX for LuaTeX (HO)

(/usr/local/texlive/2011basic/texmf-dist/tex/generic/oberdiek/ifluatex.sty
Package: ifluatex 2010/03/01 v1.3 Provides the ifluatex switch (HO)
Package ifluatex Info: LuaTeX not detected.
)
Package pdftexcmds Info: LuaTeX not detected.
Package pdftexcmds Info: \pdf@primitive is available.
Package pdftexcmds Info: \pdf@ifprimitive is available.
Package pdftexcmds Info: \pdfdraftmode found.
)
(/usr/local/texlive/2011basic/texmf-dist/tex/latex/oberdiek/epstopdf-base.sty
Package: epstopdf-base 2010/02/09 v2.5 Base part for package epstopdf

(/usr/local/texlive/2011basic/texmf-dist/tex/latex/oberdiek/grfext.sty
Package: grfext 2010/08/19 v1.1 Managing graphics extensions (HO)

(/usr/local/texlive/2011basic/texmf-dist/tex/generic/oberdiek/kvdefinekeys.sty
Package: kvdefinekeys 2011/04/07 v1.3 Defining keys (HO)
)) (/usr/local/texlive/2011basic/texmf-dist/tex/latex/oberdiek/kvoptions.sty
Package: kvoptions 2010/12/23 v3.10 Keyval support for LaTeX options (HO)

(/usr/local/texlive/2011basic/texmf-dist/tex/generic/oberdiek/kvsetkeys.sty
Package: kvsetkeys 2011/04/07 v1.13 Key value parser (HO)

(/usr/local/texlive/2011basic/texmf-dist/tex/generic/oberdiek/etexcmds.sty
Package: etexcmds 2011/02/16 v1.5 Prefix for e-TeX command names (HO)
Package etexcmds Info: Could not find \expanded.
(etexcmds)             That can mean that you are not using pdfTeX 1.50 or
(etexcmds)             that some package has redefined \expanded.
(etexcmds)             In the latter case, load this package earlier.
)))
Package grfext Info: Graphics extension search list:
(grfext)             [.pdf,.png,.jpg,.eps]
(grfext)             \AppendGraphicsExtensions on input line 452.

(/usr/local/texlive/2011basic/texmf-dist/tex/latex/latexconfig/epstopdf-sys.cfg
File: epstopdf-sys.cfg 2010/07/13 v1.3 Configuration of (r)epstopdf for TeX Liv
e
))
*geometry* driver: auto-detecting
*geometry* detected driver: pdftex
*geometry* verbose mode - [ preamble ] result:
* driver: pdftex
* paper: <default>
* layout: <same size as paper>
* layoutoffset:(h,v)=(0.0pt,0.0pt)
* modes: 
* h-part:(L,W,R)=(72.26999pt, 469.75502pt, 72.26999pt)
* v-part:(T,H,B)=(72.26999pt, 650.43001pt, 72.26999pt)
* \paperwidth=614.295pt
* \paperheight=794.96999pt
* \textwidth=469.75502pt
* \textheight=650.43001pt
* \oddsidemargin=0.0pt
* \evensidemargin=0.0pt
* \topmargin=-37.0pt
* \headheight=12.0pt
* \headsep=25.0pt
* \topskip=12.0pt
* \footskip=30.0pt
* \marginparwidth=44.0pt
* \marginparsep=10.0pt
* \columnsep=10.0pt
* \skip\footins=10.8pt plus 4.0pt minus 2.0pt
* \hoffset=0.0pt
* \voffset=0.0pt
* \mag=1000
* \@twocolumnfalse
* \@twosidefalse
* \@mparswitchfalse
* \@reversemarginfalse
* (1in=72.27pt=25.4mm, 1cm=28.453pt)

[1

{/usr/local/texlive/2011basic/texmf-var/fonts/map/pdftex/updmap/pdftex.map}]
[2] [3] [4] <Ex_4_4.pdf, id=26, 794.97pt x 614.295pt>
File: Ex_4_4.pdf Graphic file (type pdf)
 <use Ex_4_4.pdf>
Package pdftex.def Info: Ex_4_4.pdf used on input line 134.
(pdftex.def)             Requested size: 341.44228pt x 213.39424pt.

<Ex_4_5.pdf, id=27, 260.17201pt x 166.97382pt>
File: Ex_4_5.pdf Graphic file (type pdf)
 <use Ex_4_5.pdf>
Package pdftex.def Info: Ex_4_5.pdf used on input line 148.
(pdftex.def)             Requested size: 341.45108pt x 213.39963pt.


LaTeX Warning: `!h' float specifier changed to `!ht'.

[5 <./Ex_4_4.pdf>] [6 <./Ex_4_5.pdf>]
<Ex_4_6.pdf, id=65, 794.97pt x 614.295pt>
File: Ex_4_6.pdf Graphic file (type pdf)
 <use Ex_4_6.pdf>
Package pdftex.def Info: Ex_4_6.pdf used on input line 210.
(pdftex.def)             Requested size: 341.44228pt x 213.39424pt.

<Ex_4_15.pdf, id=66, 260.17201pt x 163.4135pt>
File: Ex_4_15.pdf Graphic file (type pdf)
 <use Ex_4_15.pdf>
Package pdftex.def Info: Ex_4_15.pdf used on input line 223.
(pdftex.def)             Requested size: 341.45108pt x 213.40248pt.


LaTeX Warning: `!h' float specifier changed to `!ht'.

[7 <./Ex_4_6.pdf>] [8 <./Ex_4_15.pdf>]
<Ex_4_22.pdf, id=113, 794.97pt x 614.295pt>
File: Ex_4_22.pdf Graphic file (type pdf)
 <use Ex_4_22.pdf>
Package pdftex.def Info: Ex_4_22.pdf used on input line 294.
(pdftex.def)             Requested size: 341.44228pt x 213.39424pt.
 [9 <./Ex_4_22.pdf>] <Fig_4_12_100.png, id=140, 642.4pt x 481.8pt>
File: Fig_4_12_100.png Graphic file (type png)
 <use Fig_4_12_100.png>
Package pdftex.def Info: Fig_4_12_100.png used on input line 309.
(pdftex.def)             Requested size: 341.4408pt x 199.16399pt.

<Fig_4_12_400.png, id=141, 642.4pt x 481.8pt>
File: Fig_4_12_400.png Graphic file (type png)
 <use Fig_4_12_400.png>
Package pdftex.def Info: Fig_4_12_400.png used on input line 316.
(pdftex.def)             Requested size: 341.4408pt x 199.16399pt.
 [10 <./Fig_4_12_100.png> <./Fig_4_12_400.png>] <Ex_12_10.png, id=147, 642.4pt 
x 481.8pt>
File: Ex_12_10.png Graphic file (type png)

<use Ex_12_10.png>
Package pdftex.def Info: Ex_12_10.png used on input line 330.
(pdftex.def)             Requested size: 341.4408pt x 199.16399pt.
 [11 <./Ex_12_10.png>]
<Ex_4_30.pdf, id=152, 794.97pt x 614.295pt>
File: Ex_4_30.pdf Graphic file (type pdf)
 <use Ex_4_30.pdf>
Package pdftex.def Info: Ex_4_30.pdf used on input line 385.
(pdftex.def)             Requested size: 341.44228pt x 256.07121pt.

<Ex_4_30_dist.pdf, id=153, 794.97pt x 614.295pt>
File: Ex_4_30_dist.pdf Graphic file (type pdf)
 <use Ex_4_30_dist.pdf>
Package pdftex.def Info: Ex_4_30_dist.pdf used on input line 391.
(pdftex.def)             Requested size: 341.44228pt x 256.07121pt.


LaTeX Warning: `!h' float specifier changed to `!ht'.


LaTeX Warning: `!h' float specifier changed to `!ht'.

[12]
Overfull \vbox (18.01239pt too high) has occurred while \output is active []


[13 <./Ex_4_30.pdf> <./Ex_4_30_dist.pdf>] [14] [15] [16] [17] [18] [19]
[20] [21]
Overfull \hbox (55.12024pt too wide) in paragraph at lines 876--876
[]\OT1/cmtt/m/n/12 funcValue = 4.*pow(length/(gravity*(1-sin(theta/2)*sin(theta
/2)*sin(x)*sin(x))),0.5);[] 
 []

[22] [23] [24] [25]
Overfull \hbox (110.69527pt too wide) in paragraph at lines 998--998
[]\OT1/cmtt/m/n/12 double x[4] = {0.8611363115940526,0.3399810435848563,-0.3399
810435848563,-0.8611363115940526};[] 
 []


Overfull \hbox (110.69527pt too wide) in paragraph at lines 998--998
[]\OT1/cmtt/m/n/12 double w[4] = {0.3478548451374539,0.6521451548625461, 0.6521
451548625461, 0.3478548451374539};[] 
 []


Overfull \hbox (184.7953pt too wide) in paragraph at lines 998--998
[]\OT1/cmtt/m/n/12 double x[5] = {0.9061798459386640,0.5384693101056831,0.0    
    ,-0.5384693101056831,-0.9061798459386640};[] 
 []


Overfull \hbox (228.02032pt too wide) in paragraph at lines 998--998
[]\OT1/cmtt/m/n/12 double w[5] = {0.2369268850561891,0.4786286704993665,0.56888
88888888889, 0.4786286704993665, 0.2369268850561891};[] 
 []

[26] [27]
Overfull \hbox (110.69527pt too wide) in paragraph at lines 1121--1121
[]\OT1/cmtt/m/n/12 double x[4] = {0.8611363115940526,0.3399810435848563,-0.3399
810435848563,-0.8611363115940526};[] 
 []


Overfull \hbox (110.69527pt too wide) in paragraph at lines 1121--1121
[]\OT1/cmtt/m/n/12 double w[4] = {0.3478548451374539,0.6521451548625461, 0.6521
451548625461, 0.3478548451374539};[] 
 []

[28]
Overfull \hbox (184.7953pt too wide) in paragraph at lines 1121--1121
[]\OT1/cmtt/m/n/12 double x[5] = {0.9061798459386640,0.5384693101056831,0.0    
    ,-0.5384693101056831,-0.9061798459386640};[] 
 []


Overfull \hbox (228.02032pt too wide) in paragraph at lines 1121--1121
[]\OT1/cmtt/m/n/12 double w[5] = {0.2369268850561891,0.4786286704993665,0.56888
88888888889, 0.4786286704993665, 0.2369268850561891};[] 
 []

[29] [30]
Overfull \hbox (172.4453pt too wide) in paragraph at lines 1240--1240
[]\OT1/cmtt/m/n/12 double x[4] = {3.2254768961939231e-1,1.7457611011583466   ,4
.5366202969211280   ,9.3950709123011331   };[] 
 []


Overfull \hbox (172.4453pt too wide) in paragraph at lines 1240--1240
[]\OT1/cmtt/m/n/12 double w[4] = {6.0315410434163360e-1,3.5741869243779969e-1,3
.8887908515005384e-2,5.3929470556132745e-4};[] 
 []


Overfull \hbox (444.14543pt too wide) in paragraph at lines 1240--1240
[]\OT1/cmtt/m/n/12 double x[6] = {2.2284660417926069e-1,1.1889321016726230   ,2
.9927363260593141   ,5.7751435691045105   ,9.8374674183825899   ,1.598287398060
1702e1 };[] 
 []


Overfull \hbox (444.14543pt too wide) in paragraph at lines 1240--1240
[]\OT1/cmtt/m/n/12 double w[6] = {4.5896467394996359e-1,4.1700083077212099e-1,1
.1337338207404498e-1,1.0399197453149075e-2,2.6101720281493206e-4,8.985479064296
2124e-7};[] 
 []


Overfull \hbox (709.67056pt too wide) in paragraph at lines 1240--1240
[]\OT1/cmtt/m/n/12 double x[8] = {1.7027963230510100e-1,9.037017769937991e-1,2.
2510866298661307   ,4.2667001702876588   ,7.0459054023934657   ,1.0758516010180
995e1 ,1.5740678641278005e1 ,2.2863131736889296e1 };[] 
 []

[31]
Overfull \hbox (715.84557pt too wide) in paragraph at lines 1240--1240
[]\OT1/cmtt/m/n/12 double w[8] = {3.6918858934163753e-1,4.1878678081434296e-1,1
.7579498663717181e-1,3.3343492261215652e-2,2.7945362352256725e-3,9.076508773358
2131e-5,8.4857467162725315e-7,1.0480011748715104e-9};[] 
 []

[32]
Overfull \hbox (184.7953pt too wide) in paragraph at lines 1330--1330
[]\OT1/cmtt/m/n/12 double x[5] = {0.9061798459386640,0.5384693101056831,0.0    
    ,-0.5384693101056831,-0.9061798459386640};[] 
 []


Overfull \hbox (228.02032pt too wide) in paragraph at lines 1330--1330
[]\OT1/cmtt/m/n/12 double w[5] = {0.2369268850561891,0.4786286704993665,0.56888
88888888889, 0.4786286704993665, 0.2369268850561891};[] 
 []

[33]
Overfull \hbox (184.7953pt too wide) in paragraph at lines 1330--1330
[]\OT1/cmtt/m/n/12 double x[5] = {0.9061798459386640,0.5384693101056831,0.0    
    ,-0.5384693101056831,-0.9061798459386640};[] 
 []


Overfull \hbox (228.02032pt too wide) in paragraph at lines 1330--1330
[]\OT1/cmtt/m/n/12 double w[5] = {0.2369268850561891,0.4786286704993665,0.56888
88888888889, 0.4786286704993665, 0.2369268850561891};[] 
 []

[34]
Overfull \hbox (184.7953pt too wide) in paragraph at lines 1431--1431
[]\OT1/cmtt/m/n/12 double x[5] = {0.9061798459386640,0.5384693101056831,0.0    
    ,-0.5384693101056831,-0.9061798459386640};[] 
 []


Overfull \hbox (228.02032pt too wide) in paragraph at lines 1431--1431
[]\OT1/cmtt/m/n/12 double w[5] = {0.2369268850561891,0.4786286704993665,0.56888
88888888889, 0.4786286704993665, 0.2369268850561891};[] 
 []

[35]
Overfull \hbox (184.7953pt too wide) in paragraph at lines 1431--1431
[]\OT1/cmtt/m/n/12 double x[5] = {0.9061798459386640,0.5384693101056831,0.0    
    ,-0.5384693101056831,-0.9061798459386640};[] 
 []


Overfull \hbox (228.02032pt too wide) in paragraph at lines 1431--1431
[]\OT1/cmtt/m/n/12 double w[5] = {0.2369268850561891,0.4786286704993665,0.56888
88888888889, 0.4786286704993665, 0.2369268850561891};[] 
 []

[36] [37] [38]
Overfull \hbox (178.6203pt too wide) in paragraph at lines 1572--1572
[]\OT1/cmtt/m/n/12 distance = sqrt((*position).a*(*position).a + (*position).b*
(*position).b + (*position).c*(*position).c);[] 
 []


Overfull \hbox (178.6203pt too wide) in paragraph at lines 1572--1572
[]\OT1/cmtt/m/n/12 distance = sqrt((*position).a*(*position).a + (*position).b*
(*position).b + (*position).c*(*position).c);[] 
 []

[39] [40] [41] [42]
Overfull \hbox (36.59523pt too wide) in paragraph at lines 1963--1963
[]\OT1/cmtt/m/n/12 double K1s2sIntegral(double x1,double y1,double z1,double x2
,double y2,double z2){[] 
 []


Overfull \hbox (11.89522pt too wide) in paragraph at lines 1963--1963
[]\OT1/cmtt/m/n/12 double repulsion(double x1,double y1,double z1,double x2,dou
ble y2,double z2){[] 
 []

[43] [44] [45]
Overfull \hbox (141.57028pt too wide) in paragraph at lines 1963--1963
[]    \OT1/cmtt/m/n/12 funcValue = funcValue * coef1S*coef2P*eCharge*pow(width,
6);    // May need to add 'coef1S' here[] 
 []

[46] [47] [48] (./CompLab3.aux) ) 
Here is how much of TeX's memory you used:
 2717 strings out of 494752
 37634 string characters out of 3171020
 107021 words of memory out of 3000000
 5896 multiletter control sequences out of 15000+200000
 8737 words of font info for 32 fonts, out of 3000000 for 9000
 166 hyphenation exceptions out of 8191
 38i,8n,23p,632b,252s stack positions out of 5000i,500n,10000p,200000b,50000s
</usr/local/texlive/2011basic/texmf-dist/fonts
/type1/public/amsfonts/cm/cmbx12.pfb></usr/local/texlive/2011basic/texmf-dist/f
onts/type1/public/amsfonts/cm/cmex10.pfb></usr/local/texlive/2011basic/texmf-di
st/fonts/type1/public/amsfonts/cm/cmmi12.pfb></usr/local/texlive/2011basic/texm
f-dist/fonts/type1/public/amsfonts/cm/cmmi6.pfb></usr/local/texlive/2011basic/t
exmf-dist/fonts/type1/public/amsfonts/cm/cmmi8.pfb></usr/local/texlive/2011basi
c/texmf-dist/fonts/type1/public/amsfonts/cm/cmr12.pfb></usr/local/texlive/2011b
asic/texmf-dist/fonts/type1/public/amsfonts/cm/cmr6.pfb></usr/local/texlive/201
1basic/texmf-dist/fonts/type1/public/amsfonts/cm/cmr8.pfb></usr/local/texlive/2
011basic/texmf-dist/fonts/type1/public/amsfonts/cm/cmsy10.pfb></usr/local/texli
ve/2011basic/texmf-dist/fonts/type1/public/amsfonts/cm/cmsy6.pfb></usr/local/te
xlive/2011basic/texmf-dist/fonts/type1/public/amsfonts/cm/cmsy8.pfb></usr/local
/texlive/2011basic/texmf-dist/fonts/type1/public/amsfonts/cm/cmtt12.pfb>
Output written on CompLab3.pdf (48 pages, 549096 bytes).
PDF statistics:
 345 PDF objects out of 1000 (max. 8388607)
 244 compressed objects within 3 object streams
 0 named destinations out of 1000 (max. 500000)
 51 words of extra memory for PDF output out of 10000 (max. 10000000)

