This is pdfTeX, Version 3.1415926-2.3-1.40.12 (TeX Live 2011) (format=pdflatex 2011.9.16)  17 APR 2012 20:02
entering extended mode
 \write18 enabled.
 file:line:error style messages enabled.
 %&-line parsing enabled.
**CompLab4.tex
(./CompLab4.tex
LaTeX2e <2009/09/24>
Babel <v3.8l> and hyphenation patterns for english, dumylang, nohyphenation, ba
sque, danish, dutch, finnish, french, german, ngerman, swissgerman, hungarian, 
italian, bokmal, nynorsk, polish, portuguese, spanish, swedish, loaded.
(/usr/local/texlive/2011basic/texmf-dist/tex/latex/base/article.cls
Document Class: article 2007/10/19 v1.4h Standard LaTeX document class
(/usr/local/texlive/2011basic/texmf-dist/tex/latex/base/size12.clo
File: size12.clo 2007/10/19 v1.4h Standard LaTeX file (size option)
)
\c@part=\count79
\c@section=\count80
\c@subsection=\count81
\c@subsubsection=\count82
\c@paragraph=\count83
\c@subparagraph=\count84
\c@figure=\count85
\c@table=\count86
\abovecaptionskip=\skip41
\belowcaptionskip=\skip42
\bibindent=\dimen102
)
(/usr/local/texlive/2011basic/texmf-dist/tex/latex/graphics/graphicx.sty
Package: graphicx 1999/02/16 v1.0f Enhanced LaTeX Graphics (DPC,SPQR)

(/usr/local/texlive/2011basic/texmf-dist/tex/latex/graphics/keyval.sty
Package: keyval 1999/03/16 v1.13 key=value parser (DPC)
\KV@toks@=\toks14
)
(/usr/local/texlive/2011basic/texmf-dist/tex/latex/graphics/graphics.sty
Package: graphics 2009/02/05 v1.0o Standard LaTeX Graphics (DPC,SPQR)

(/usr/local/texlive/2011basic/texmf-dist/tex/latex/graphics/trig.sty
Package: trig 1999/03/16 v1.09 sin cos tan (DPC)
)
(/usr/local/texlive/2011basic/texmf-dist/tex/latex/latexconfig/graphics.cfg
File: graphics.cfg 2010/04/23 v1.9 graphics configuration of TeX Live
)
Package graphics Info: Driver file: pdftex.def on input line 91.

(/usr/local/texlive/2011basic/texmf-dist/tex/latex/pdftex-def/pdftex.def
File: pdftex.def 2011/05/27 v0.06d Graphics/color for pdfTeX

(/usr/local/texlive/2011basic/texmf-dist/tex/generic/oberdiek/infwarerr.sty
Package: infwarerr 2010/04/08 v1.3 Providing info/warning/message (HO)
)
(/usr/local/texlive/2011basic/texmf-dist/tex/generic/oberdiek/ltxcmds.sty
Package: ltxcmds 2011/04/18 v1.20 LaTeX kernel commands for general use (HO)
)
\Gread@gobject=\count87
))
\Gin@req@height=\dimen103
\Gin@req@width=\dimen104
)
(/usr/local/texlive/2011basic/texmf-dist/tex/latex/amsmath/amsmath.sty
Package: amsmath 2000/07/18 v2.13 AMS math features
\@mathmargin=\skip43

For additional information on amsmath, use the `?' option.
(/usr/local/texlive/2011basic/texmf-dist/tex/latex/amsmath/amstext.sty
Package: amstext 2000/06/29 v2.01

(/usr/local/texlive/2011basic/texmf-dist/tex/latex/amsmath/amsgen.sty
File: amsgen.sty 1999/11/30 v2.0
\@emptytoks=\toks15
\ex@=\dimen105
))
(/usr/local/texlive/2011basic/texmf-dist/tex/latex/amsmath/amsbsy.sty
Package: amsbsy 1999/11/29 v1.2d
\pmbraise@=\dimen106
)
(/usr/local/texlive/2011basic/texmf-dist/tex/latex/amsmath/amsopn.sty
Package: amsopn 1999/12/14 v2.01 operator names
)
\inf@bad=\count88
LaTeX Info: Redefining \frac on input line 211.
\uproot@=\count89
\leftroot@=\count90
LaTeX Info: Redefining \overline on input line 307.
\classnum@=\count91
\DOTSCASE@=\count92
LaTeX Info: Redefining \ldots on input line 379.
LaTeX Info: Redefining \dots on input line 382.
LaTeX Info: Redefining \cdots on input line 467.
\Mathstrutbox@=\box26
\strutbox@=\box27
\big@size=\dimen107
LaTeX Font Info:    Redeclaring font encoding OML on input line 567.
LaTeX Font Info:    Redeclaring font encoding OMS on input line 568.
\macc@depth=\count93
\c@MaxMatrixCols=\count94
\dotsspace@=\muskip10
\c@parentequation=\count95
\dspbrk@lvl=\count96
\tag@help=\toks16
\row@=\count97
\column@=\count98
\maxfields@=\count99
\andhelp@=\toks17
\eqnshift@=\dimen108
\alignsep@=\dimen109
\tagshift@=\dimen110
\tagwidth@=\dimen111
\totwidth@=\dimen112
\lineht@=\dimen113
\@envbody=\toks18
\multlinegap=\skip44
\multlinetaggap=\skip45
\mathdisplay@stack=\toks19
LaTeX Info: Redefining \[ on input line 2666.
LaTeX Info: Redefining \] on input line 2667.
)
(/usr/local/texlive/2011basic/texmf-dist/tex/latex/tools/multicol.sty
Package: multicol 2008/12/05 v1.6h multicolumn formatting (FMi)
\c@tracingmulticols=\count100
\mult@box=\box28
\multicol@leftmargin=\dimen114
\c@unbalance=\count101
\c@collectmore=\count102
\doublecol@number=\count103
\multicoltolerance=\count104
\multicolpretolerance=\count105
\full@width=\dimen115
\page@free=\dimen116
\premulticols=\dimen117
\postmulticols=\dimen118
\multicolsep=\skip46
\multicolbaselineskip=\skip47
\partial@page=\box29
\last@line=\box30
\mult@rightbox=\box31
\mult@grightbox=\box32
\mult@gfirstbox=\box33
\mult@firstbox=\box34
\@tempa=\box35
\@tempa=\box36
\@tempa=\box37
\@tempa=\box38
\@tempa=\box39
\@tempa=\box40
\@tempa=\box41
\@tempa=\box42
\@tempa=\box43
\@tempa=\box44
\@tempa=\box45
\@tempa=\box46
\@tempa=\box47
\@tempa=\box48
\@tempa=\box49
\@tempa=\box50
\@tempa=\box51
\c@columnbadness=\count106
\c@finalcolumnbadness=\count107
\last@try=\dimen119
\multicolovershoot=\dimen120
\multicolundershoot=\dimen121
\mult@nat@firstbox=\box52
\colbreak@box=\box53
)
(/usr/local/texlive/2011basic/texmf-dist/tex/latex/geometry/geometry.sty
Package: geometry 2010/09/12 v5.6 Page Geometry

(/usr/local/texlive/2011basic/texmf-dist/tex/generic/oberdiek/ifpdf.sty
Package: ifpdf 2011/01/30 v2.3 Provides the ifpdf switch (HO)
Package ifpdf Info: pdfTeX in PDF mode is detected.
)
(/usr/local/texlive/2011basic/texmf-dist/tex/generic/oberdiek/ifvtex.sty
Package: ifvtex 2010/03/01 v1.5 Switches for detecting VTeX and its modes (HO)
Package ifvtex Info: VTeX not detected.
)
(/usr/local/texlive/2011basic/texmf-dist/tex/generic/ifxetex/ifxetex.sty
Package: ifxetex 2010/09/12 v0.6 Provides ifxetex conditional
)
\Gm@cnth=\count108
\Gm@cntv=\count109
\c@Gm@tempcnt=\count110
\Gm@bindingoffset=\dimen122
\Gm@wd@mp=\dimen123
\Gm@odd@mp=\dimen124
\Gm@even@mp=\dimen125
\Gm@layoutwidth=\dimen126
\Gm@layoutheight=\dimen127
\Gm@layouthoffset=\dimen128
\Gm@layoutvoffset=\dimen129
\Gm@dimlist=\toks20
)
(./CompLab4.aux)
\openout1 = `CompLab4.aux'.

LaTeX Font Info:    Checking defaults for OML/cmm/m/it on input line 7.
LaTeX Font Info:    ... okay on input line 7.
LaTeX Font Info:    Checking defaults for T1/cmr/m/n on input line 7.
LaTeX Font Info:    ... okay on input line 7.
LaTeX Font Info:    Checking defaults for OT1/cmr/m/n on input line 7.
LaTeX Font Info:    ... okay on input line 7.
LaTeX Font Info:    Checking defaults for OMS/cmsy/m/n on input line 7.
LaTeX Font Info:    ... okay on input line 7.
LaTeX Font Info:    Checking defaults for OMX/cmex/m/n on input line 7.
LaTeX Font Info:    ... okay on input line 7.
LaTeX Font Info:    Checking defaults for U/cmr/m/n on input line 7.
LaTeX Font Info:    ... okay on input line 7.

(/usr/local/texlive/2011basic/texmf-dist/tex/context/base/supp-pdf.mkii
[Loading MPS to PDF converter (version 2006.09.02).]
\scratchcounter=\count111
\scratchdimen=\dimen130
\scratchbox=\box54
\nofMPsegments=\count112
\nofMParguments=\count113
\everyMPshowfont=\toks21
\MPscratchCnt=\count114
\MPscratchDim=\dimen131
\MPnumerator=\count115
\makeMPintoPDFobject=\count116
\everyMPtoPDFconversion=\toks22
) (/usr/local/texlive/2011basic/texmf-dist/tex/generic/oberdiek/pdftexcmds.sty
Package: pdftexcmds 2011/04/22 v0.16 Utilities of pdfTeX for LuaTeX (HO)

(/usr/local/texlive/2011basic/texmf-dist/tex/generic/oberdiek/ifluatex.sty
Package: ifluatex 2010/03/01 v1.3 Provides the ifluatex switch (HO)
Package ifluatex Info: LuaTeX not detected.
)
Package pdftexcmds Info: LuaTeX not detected.
Package pdftexcmds Info: \pdf@primitive is available.
Package pdftexcmds Info: \pdf@ifprimitive is available.
Package pdftexcmds Info: \pdfdraftmode found.
)
(/usr/local/texlive/2011basic/texmf-dist/tex/latex/oberdiek/epstopdf-base.sty
Package: epstopdf-base 2010/02/09 v2.5 Base part for package epstopdf

(/usr/local/texlive/2011basic/texmf-dist/tex/latex/oberdiek/grfext.sty
Package: grfext 2010/08/19 v1.1 Managing graphics extensions (HO)

(/usr/local/texlive/2011basic/texmf-dist/tex/generic/oberdiek/kvdefinekeys.sty
Package: kvdefinekeys 2011/04/07 v1.3 Defining keys (HO)
)) (/usr/local/texlive/2011basic/texmf-dist/tex/latex/oberdiek/kvoptions.sty
Package: kvoptions 2010/12/23 v3.10 Keyval support for LaTeX options (HO)

(/usr/local/texlive/2011basic/texmf-dist/tex/generic/oberdiek/kvsetkeys.sty
Package: kvsetkeys 2011/04/07 v1.13 Key value parser (HO)

(/usr/local/texlive/2011basic/texmf-dist/tex/generic/oberdiek/etexcmds.sty
Package: etexcmds 2011/02/16 v1.5 Prefix for e-TeX command names (HO)
Package etexcmds Info: Could not find \expanded.
(etexcmds)             That can mean that you are not using pdfTeX 1.50 or
(etexcmds)             that some package has redefined \expanded.
(etexcmds)             In the latter case, load this package earlier.
)))
Package grfext Info: Graphics extension search list:
(grfext)             [.pdf,.png,.jpg,.eps]
(grfext)             \AppendGraphicsExtensions on input line 452.

(/usr/local/texlive/2011basic/texmf-dist/tex/latex/latexconfig/epstopdf-sys.cfg
File: epstopdf-sys.cfg 2010/07/13 v1.3 Configuration of (r)epstopdf for TeX Liv
e
))
*geometry* driver: auto-detecting
*geometry* detected driver: pdftex
*geometry* verbose mode - [ preamble ] result:
* driver: pdftex
* paper: <default>
* layout: <same size as paper>
* layoutoffset:(h,v)=(0.0pt,0.0pt)
* modes: 
* h-part:(L,W,R)=(72.26999pt, 469.75502pt, 72.26999pt)
* v-part:(T,H,B)=(72.26999pt, 650.43001pt, 72.26999pt)
* \paperwidth=614.295pt
* \paperheight=794.96999pt
* \textwidth=469.75502pt
* \textheight=650.43001pt
* \oddsidemargin=0.0pt
* \evensidemargin=0.0pt
* \topmargin=-37.0pt
* \headheight=12.0pt
* \headsep=25.0pt
* \topskip=12.0pt
* \footskip=30.0pt
* \marginparwidth=44.0pt
* \marginparsep=10.0pt
* \columnsep=10.0pt
* \skip\footins=10.8pt plus 4.0pt minus 2.0pt
* \hoffset=0.0pt
* \voffset=0.0pt
* \mag=1000
* \@twocolumnfalse
* \@twosidefalse
* \@mparswitchfalse
* \@reversemarginfalse
* (1in=72.27pt=25.4mm, 1cm=28.453pt)

[1

{/usr/local/texlive/2011basic/texmf-var/fonts/map/pdftex/updmap/pdftex.map}]
[2] [3] [4] <Fig_3_6_0_res.pdf, id=26, 794.97pt x 614.295pt>
File: Fig_3_6_0_res.pdf Graphic file (type pdf)

<use Fig_3_6_0_res.pdf>
Package pdftex.def Info: Fig_3_6_0_res.pdf used on input line 152.
(pdftex.def)             Requested size: 341.44228pt x 213.39424pt.
 <Fig_3_6_5_res.pdf, id=27, 794.97pt x 614.295pt>
File: Fig_3_6_5_res.pdf Graphic file (type pdf)

<use Fig_3_6_5_res.pdf>
Package pdftex.def Info: Fig_3_6_5_res.pdf used on input line 158.
(pdftex.def)             Requested size: 312.9847pt x 167.86777pt.
 <Fig_3_6_12_res.pdf, id=28, 794.97pt x 614.295pt>
File: Fig_3_6_12_res.pdf Graphic file (type pdf)

<use Fig_3_6_12_res.pdf>
Package pdftex.def Info: Fig_3_6_12_res.pdf used on input line 164.
(pdftex.def)             Requested size: 312.9847pt x 167.86777pt.
 <Fig_3_6_12_nores.pdf, id=29, 794.97pt x 614.295pt>
File: Fig_3_6_12_nores.pdf Graphic file (type pdf)

<use Fig_3_6_12_nores.pdf>
Package pdftex.def Info: Fig_3_6_12_nores.pdf used on input line 170.
(pdftex.def)             Requested size: 312.9847pt x 167.86777pt.
 <Fig_3_6_0_omeg.pdf, id=30, 794.97pt x 614.295pt>
File: Fig_3_6_0_omeg.pdf Graphic file (type pdf)

<use Fig_3_6_0_omeg.pdf>
Package pdftex.def Info: Fig_3_6_0_omeg.pdf used on input line 176.
(pdftex.def)             Requested size: 312.9847pt x 167.86777pt.
 <Fig_3_6_5_omeg.pdf, id=31, 794.97pt x 614.295pt>
File: Fig_3_6_5_omeg.pdf Graphic file (type pdf)

<use Fig_3_6_5_omeg.pdf>
Package pdftex.def Info: Fig_3_6_5_omeg.pdf used on input line 182.
(pdftex.def)             Requested size: 312.9847pt x 167.86777pt.
 <Fig_3_6_12_omeg.pdf, id=32, 794.97pt x 614.295pt>
File: Fig_3_6_12_omeg.pdf Graphic file (type pdf)

<use Fig_3_6_12_omeg.pdf>
Package pdftex.def Info: Fig_3_6_12_omeg.pdf used on input line 188.
(pdftex.def)             Requested size: 312.9847pt x 167.86777pt.


LaTeX Warning: `!h' float specifier changed to `!ht'.


LaTeX Warning: `!h' float specifier changed to `!ht'.


LaTeX Warning: `!h' float specifier changed to `!ht'.


LaTeX Warning: `!h' float specifier changed to `!ht'.


LaTeX Warning: `!h' float specifier changed to `!ht'.


LaTeX Warning: `!h' float specifier changed to `!ht'.

<Fig_3_9.pdf, id=33, 794.97pt x 614.295pt>
File: Fig_3_9.pdf Graphic file (type pdf)
 <use Fig_3_9.pdf>
Package pdftex.def Info: Fig_3_9.pdf used on input line 198.
(pdftex.def)             Requested size: 341.44228pt x 227.62303pt.


LaTeX Warning: `!h' float specifier changed to `!ht'.

[5 <./Fig_3_6_0_res.pdf>]

LaTeX Warning: Text page 6 contains only floats.

[6 <./Fig_3_6_5_res.pdf> <./Fig_3_6_12_res.pdf> <./Fig_3_6_12_nores.pdf>]

LaTeX Warning: Text page 7 contains only floats.

[7 <./Fig_3_6_0_omeg.pdf> <./Fig_3_6_5_omeg.pdf> <./Fig_3_6_12_omeg.pdf>]
<Fig_3_10_35.pdf, id=149, 794.97pt x 614.295pt>
File: Fig_3_10_35.pdf Graphic file (type pdf)
 <use Fig_3_10_35.pdf>
Package pdftex.def Info: Fig_3_10_35.pdf used on input line 208.
(pdftex.def)             Requested size: 312.9847pt x 227.62303pt.

<Fig_3_10_44.pdf, id=150, 794.97pt x 614.295pt>
File: Fig_3_10_44.pdf Graphic file (type pdf)
 <use Fig_3_10_44.pdf>
Package pdftex.def Info: Fig_3_10_44.pdf used on input line 214.
(pdftex.def)             Requested size: 312.9847pt x 184.94604pt.

<Fig_3_10_465.pdf, id=151, 794.97pt x 614.295pt>
File: Fig_3_10_465.pdf Graphic file (type pdf)
 <use Fig_3_10_465.pdf>
Package pdftex.def Info: Fig_3_10_465.pdf used on input line 220.
(pdftex.def)             Requested size: 312.9847pt x 184.94604pt.

[8 <./Fig_3_9.pdf> <./Fig_3_10_35.pdf>]
<Fig_3_11.pdf, id=186, 794.97pt x 614.295pt>
File: Fig_3_11.pdf Graphic file (type pdf)
 <use Fig_3_11.pdf>
Package pdftex.def Info: Fig_3_11.pdf used on input line 230.
(pdftex.def)             Requested size: 312.9847pt x 184.94604pt.


LaTeX Warning: `!h' float specifier changed to `!ht'.

[9 <./Fig_3_10_44.pdf> <./Fig_3_10_465.pdf>]
<Fig_12_12.pdf, id=220, 794.97pt x 614.295pt>
File: Fig_12_12.pdf Graphic file (type pdf)
 <use Fig_12_12.pdf>
Package pdftex.def Info: Fig_12_12.pdf used on input line 249.
(pdftex.def)             Requested size: 312.9847pt x 170.71727pt.
 [10 <./Fig_3_11.pdf> <./Fig_12_12.pdf>] <Fig_5_10_a.pdf, id=254, 794.97pt x 61
4.295pt>
File: Fig_5_10_a.pdf Graphic file (type pdf)

<use Fig_5_10_a.pdf>
Package pdftex.def Info: Fig_5_10_a.pdf used on input line 264.
(pdftex.def)             Requested size: 312.9847pt x 227.62303pt.
 <Fig_5_10_b.pdf, id=255, 794.97pt x 614.295pt>
File: Fig_5_10_b.pdf Graphic file (type pdf)

<use Fig_5_10_b.pdf>
Package pdftex.def Info: Fig_5_10_b.pdf used on input line 270.
(pdftex.def)             Requested size: 312.9847pt x 170.71727pt.
 <Fig_5_10_c.pdf, id=256, 794.97pt x 614.295pt>
File: Fig_5_10_c.pdf Graphic file (type pdf)

<use Fig_5_10_c.pdf>
Package pdftex.def Info: Fig_5_10_c.pdf used on input line 276.
(pdftex.def)             Requested size: 312.9847pt x 170.71727pt.
 <Fig_5_10_d.pdf, id=257, 794.97pt x 614.295pt>
File: Fig_5_10_d.pdf Graphic file (type pdf)

<use Fig_5_10_d.pdf>
Package pdftex.def Info: Fig_5_10_d.pdf used on input line 282.
(pdftex.def)             Requested size: 312.9847pt x 170.71727pt.
 <Ex_5_19_1.pdf, id=258, 794.97pt x 614.295pt>
File: Ex_5_19_1.pdf Graphic file (type pdf)

<use Ex_5_19_1.pdf>
Package pdftex.def Info: Ex_5_19_1.pdf used on input line 288.
(pdftex.def)             Requested size: 312.9847pt x 170.71727pt.
 <Ex_5_19_2.pdf, id=259, 794.97pt x 614.295pt>
File: Ex_5_19_2.pdf Graphic file (type pdf)

<use Ex_5_19_2.pdf>
Package pdftex.def Info: Ex_5_19_2.pdf used on input line 294.
(pdftex.def)             Requested size: 312.9847pt x 170.71727pt.
 <Ex_5_19_3.pdf, id=260, 794.97pt x 614.295pt>
File: Ex_5_19_3.pdf Graphic file (type pdf)

<use Ex_5_19_3.pdf>
Package pdftex.def Info: Ex_5_19_3.pdf used on input line 300.
(pdftex.def)             Requested size: 312.9847pt x 170.71727pt.


LaTeX Warning: `!h' float specifier changed to `!ht'.


LaTeX Warning: `!h' float specifier changed to `!ht'.


LaTeX Warning: `!h' float specifier changed to `!ht'.


LaTeX Warning: `!h' float specifier changed to `!ht'.


LaTeX Warning: `!h' float specifier changed to `!ht'.


LaTeX Warning: `!h' float specifier changed to `!ht'.

[11 <./Fig_5_10_a.pdf>]

LaTeX Warning: Text page 12 contains only floats.

[12 <./Fig_5_10_b.pdf> <./Fig_5_10_c.pdf> <./Fig_5_10_d.pdf>]

LaTeX Warning: Text page 13 contains only floats.

[13 <./Ex_5_19_1.pdf> <./Ex_5_19_2.pdf> <./Ex_5_19_3.pdf>]
<quantum_abs_1.pdf, id=377, 794.97pt x 614.295pt>
File: quantum_abs_1.pdf Graphic file (type pdf)
 <use quantum_abs_1.pdf>
Package pdftex.def Info: quantum_abs_1.pdf used on input line 335.
(pdftex.def)             Requested size: 312.9847pt x 128.03091pt.

<quantum_abs_2.pdf, id=378, 794.97pt x 614.295pt>
File: quantum_abs_2.pdf Graphic file (type pdf)
 <use quantum_abs_2.pdf>
Package pdftex.def Info: quantum_abs_2.pdf used on input line 341.
(pdftex.def)             Requested size: 312.9847pt x 170.71727pt.

<quantum_abs_3.pdf, id=379, 794.97pt x 614.295pt>
File: quantum_abs_3.pdf Graphic file (type pdf)
 <use quantum_abs_3.pdf>
Package pdftex.def Info: quantum_abs_3.pdf used on input line 347.
(pdftex.def)             Requested size: 312.9847pt x 170.71727pt.

<quantum_abs_4.pdf, id=380, 794.97pt x 614.295pt>
File: quantum_abs_4.pdf Graphic file (type pdf)
 <use quantum_abs_4.pdf>
Package pdftex.def Info: quantum_abs_4.pdf used on input line 353.
(pdftex.def)             Requested size: 312.9847pt x 170.71727pt.

<quantum_abs_5.pdf, id=381, 794.97pt x 614.295pt>
File: quantum_abs_5.pdf Graphic file (type pdf)
 <use quantum_abs_5.pdf>
Package pdftex.def Info: quantum_abs_5.pdf used on input line 359.
(pdftex.def)             Requested size: 312.9847pt x 170.71727pt.


LaTeX Warning: `!h' float specifier changed to `!ht'.


LaTeX Warning: `!h' float specifier changed to `!ht'.


LaTeX Warning: `!h' float specifier changed to `!ht'.


LaTeX Warning: `!h' float specifier changed to `!ht'.

[14 <./quantum_abs_1.pdf>]

LaTeX Warning: Text page 15 contains only floats.

[15 <./quantum_abs_2.pdf> <./quantum_abs_3.pdf> <./quantum_abs_4.pdf>] [16 <./q
uantum_abs_5.pdf>] [17] <Ex_7_1_0.pdf, id=470, 794.97pt x 614.295pt>
File: Ex_7_1_0.pdf Graphic file (type pdf)

<use Ex_7_1_0.pdf>
Package pdftex.def Info: Ex_7_1_0.pdf used on input line 462.
(pdftex.def)             Requested size: 312.9847pt x 142.2597pt.
 <Ex_7_1_25.pdf, id=471, 794.97pt x 614.295pt>
File: Ex_7_1_25.pdf Graphic file (type pdf)

<use Ex_7_1_25.pdf>
Package pdftex.def Info: Ex_7_1_25.pdf used on input line 468.
(pdftex.def)             Requested size: 312.9847pt x 142.2597pt.
 <Ex_7_1_50.pdf, id=472, 794.97pt x 614.295pt>
File: Ex_7_1_50.pdf Graphic file (type pdf)

<use Ex_7_1_50.pdf>
Package pdftex.def Info: Ex_7_1_50.pdf used on input line 474.
(pdftex.def)             Requested size: 312.9847pt x 170.71727pt.
 <Ex_7_1_100.pdf, id=473, 794.97pt x 614.295pt>
File: Ex_7_1_100.pdf Graphic file (type pdf)

<use Ex_7_1_100.pdf>
Package pdftex.def Info: Ex_7_1_100.pdf used on input line 480.
(pdftex.def)             Requested size: 312.9847pt x 170.71727pt.


LaTeX Warning: `!h' float specifier changed to `!ht'.


LaTeX Warning: `!h' float specifier changed to `!ht'.

<Ex_7_2.pdf, id=474, 794.97pt x 614.295pt>
File: Ex_7_2.pdf Graphic file (type pdf)
 <use Ex_7_2.pdf>
Package pdftex.def Info: Ex_7_2.pdf used on input line 488.
(pdftex.def)             Requested size: 312.9847pt x 170.71727pt.


LaTeX Warning: `!h' float specifier changed to `!ht'.

<Ex_7_3_0.pdf, id=475, 794.97pt x 614.295pt>
File: Ex_7_3_0.pdf Graphic file (type pdf)
 <use Ex_7_3_0.pdf>
Package pdftex.def Info: Ex_7_3_0.pdf used on input line 501.
(pdftex.def)             Requested size: 312.9847pt x 170.71727pt.

<Ex_7_3_25.pdf, id=476, 794.97pt x 614.295pt>
File: Ex_7_3_25.pdf Graphic file (type pdf)
 <use Ex_7_3_25.pdf>
Package pdftex.def Info: Ex_7_3_25.pdf used on input line 507.
(pdftex.def)             Requested size: 312.9847pt x 170.71727pt.

<Ex_7_3_50.pdf, id=477, 794.97pt x 614.295pt>
File: Ex_7_3_50.pdf Graphic file (type pdf)
 <use Ex_7_3_50.pdf>
Package pdftex.def Info: Ex_7_3_50.pdf used on input line 513.
(pdftex.def)             Requested size: 312.9847pt x 170.71727pt.

<Ex_7_3_100.pdf, id=478, 794.97pt x 614.295pt>
File: Ex_7_3_100.pdf Graphic file (type pdf)
 <use Ex_7_3_100.pdf>
Package pdftex.def Info: Ex_7_3_100.pdf used on input line 519.
(pdftex.def)             Requested size: 312.9847pt x 142.2597pt.


LaTeX Warning: `!h' float specifier changed to `!ht'.


LaTeX Warning: `!h' float specifier changed to `!ht'.


LaTeX Warning: `!h' float specifier changed to `!ht'.


LaTeX Warning: `!h' float specifier changed to `!ht'.

[18 <./Ex_7_1_0.pdf> <./Ex_7_1_25.pdf>]

LaTeX Warning: Text page 19 contains only floats.

[19 <./Ex_7_1_50.pdf> <./Ex_7_1_100.pdf> <./Ex_7_2.pdf>]

LaTeX Warning: Text page 20 contains only floats.

[20 <./Ex_7_3_0.pdf> <./Ex_7_3_25.pdf> <./Ex_7_3_50.pdf>]
<Ex_7_8.pdf, id=610, 794.97pt x 614.295pt>
File: Ex_7_8.pdf Graphic file (type pdf)
 <use Ex_7_8.pdf>
Package pdftex.def Info: Ex_7_8.pdf used on input line 534.
(pdftex.def)             Requested size: 312.9847pt x 199.16547pt.
 [21 <./Ex_7_3_100.pdf> <./Ex_7_8.pdf>] (./CompLab4.aux) ) 
Here is how much of TeX's memory you used:
 2867 strings out of 494752
 40363 string characters out of 3171020
 108201 words of memory out of 3000000
 6021 multiletter control sequences out of 15000+200000
 9189 words of font info for 33 fonts, out of 3000000 for 9000
 166 hyphenation exceptions out of 8191
 38i,9n,23p,915b,232s stack positions out of 5000i,500n,10000p,200000b,50000s
</usr/local/texlive/2
011basic/texmf-dist/fonts/type1/public/amsfonts/cm/cmbx12.pfb></usr/local/texli
ve/2011basic/texmf-dist/fonts/type1/public/amsfonts/cm/cmex10.pfb></usr/local/t
exlive/2011basic/texmf-dist/fonts/type1/public/amsfonts/cm/cmmi12.pfb></usr/loc
al/texlive/2011basic/texmf-dist/fonts/type1/public/amsfonts/cm/cmmi6.pfb></usr/
local/texlive/2011basic/texmf-dist/fonts/type1/public/amsfonts/cm/cmmi8.pfb></u
sr/local/texlive/2011basic/texmf-dist/fonts/type1/public/amsfonts/cm/cmr12.pfb>
</usr/local/texlive/2011basic/texmf-dist/fonts/type1/public/amsfonts/cm/cmr6.pf
b></usr/local/texlive/2011basic/texmf-dist/fonts/type1/public/amsfonts/cm/cmr8.
pfb></usr/local/texlive/2011basic/texmf-dist/fonts/type1/public/amsfonts/cm/cms
y10.pfb></usr/local/texlive/2011basic/texmf-dist/fonts/type1/public/amsfonts/cm
/cmsy6.pfb></usr/local/texlive/2011basic/texmf-dist/fonts/type1/public/amsfonts
/cm/cmsy8.pfb>
Output written on CompLab4.pdf (21 pages, 1461879 bytes).
PDF statistics:
 681 PDF objects out of 1000 (max. 8388607)
 501 compressed objects within 6 object streams
 0 named destinations out of 1000 (max. 500000)
 176 words of extra memory for PDF output out of 10000 (max. 10000000)

